<?xml version="1.0" encoding="UTF-8" ?>
<testsuite tests="6" failures="0" name="net.adneom.hr.partition.PartitionServiceTest" time="0.023" errors="0" skipped="0">
  <properties>
    <property name="java.runtime.name" value="Java(TM) SE Runtime Environment"/>
    <property name="java.vm.version" value="11.0.5+10-LTS"/>
    <property name="sun.boot.library.path" value="C:\Program Files\Java\jdk-11.0.5\bin"/>
    <property name="maven.multiModuleProjectDirectory" value="D:\Users\Hattmann.Belleus\Documents\Projects\partition"/>
    <property name="java.vm.vendor" value="Oracle Corporation"/>
    <property name="java.vendor.url" value="http://java.oracle.com/"/>
    <property name="guice.disable.misplaced.annotation.check" value="true"/>
    <property name="path.separator" value=";"/>
    <property name="java.vm.name" value="Java HotSpot(TM) 64-Bit Server VM"/>
    <property name="sun.os.patch.level" value=""/>
    <property name="user.script" value=""/>
    <property name="user.country" value="FR"/>
    <property name="sun.java.launcher" value="SUN_STANDARD"/>
    <property name="java.vm.specification.name" value="Java Virtual Machine Specification"/>
    <property name="user.dir" value="D:\Users\Hattmann.Belleus\Documents\Projects\partition"/>
    <property name="java.vm.compressedOopsMode" value="Zero based"/>
    <property name="java.runtime.version" value="11.0.5+10-LTS"/>
    <property name="java.awt.graphicsenv" value="sun.awt.Win32GraphicsEnvironment"/>
    <property name="os.arch" value="amd64"/>
    <property name="java.io.tmpdir" value="D:\Users\Hattmann.Belleus\AppData\Local\Temp\"/>
    <property name="line.separator" value="
"/>
    <property name="java.vm.specification.vendor" value="Oracle Corporation"/>
    <property name="user.variant" value=""/>
    <property name="os.name" value="Windows 10"/>
    <property name="classworlds.conf" value="D:\Users\Hattmann.Belleus\Documents\Projects\.metadata\.plugins\org.eclipse.m2e.launching\launches\m2conf14687551427318782827.tmp"/>
    <property name="sun.jnu.encoding" value="Cp1252"/>
    <property name="java.library.path" value="C:\Program Files\Java\jdk-11.0.5\bin;C:\windows\Sun\Java\bin;C:\windows\system32;C:\windows;C:\Program Files (x86)\Common Files\Oracle\Java\javapath;C:\windows\system32;C:\windows;C:\windows\System32\Wbem;C:\windows\System32\WindowsPowerShell\v1.0\;C:\Program Files\nodejs\;D:\Users\Hattmann.Belleus\AppData\Local\Microsoft\WindowsApps;D:\Users\Hattmann.Belleus\AppData\Local\Programs\Git\cmd;D:\Users\Hattmann.Belleus\AppData\Local\GitHubDesktop\bin;D:\Users\Hattmann.Belleus\AppData\Local\Programs\Microsoft VS Code\bin;D:\Users\Hattmann.Belleus\AppData\Roaming\npm;D:\Users\Hattmann.Belleus\node_modules\@angular\cli;C:\Program Files\PostgreSQL\11\pgAdmin 4\venv\Scripts\python.exe;;."/>
    <property name="jdk.debug" value="release"/>
    <property name="java.class.version" value="55.0"/>
    <property name="java.specification.name" value="Java Platform API Specification"/>
    <property name="sun.management.compiler" value="HotSpot 64-Bit Tiered Compilers"/>
    <property name="os.version" value="10.0"/>
    <property name="user.home" value="D:\Users\Hattmann.Belleus"/>
    <property name="user.timezone" value="Europe/Paris"/>
    <property name="java.awt.printerjob" value="sun.awt.windows.WPrinterJob"/>
    <property name="file.encoding" value="Cp1252"/>
    <property name="java.specification.version" value="11"/>
    <property name="user.name" value="Hattmann.Belleus"/>
    <property name="java.class.path" value="D:\Users\Hattmann.Belleus\Documents\logiciel\eclipse_jee_2019\eclipse\plugins\org.eclipse.m2e.maven.runtime_1.13.0.20190716-1623\jars\plexus-classworlds-2.6.0.jar"/>
    <property name="java.vm.specification.version" value="11"/>
    <property name="sun.arch.data.model" value="64"/>
    <property name="sun.java.command" value="org.codehaus.plexus.classworlds.launcher.Launcher -B clean install"/>
    <property name="java.home" value="C:\Program Files\Java\jdk-11.0.5"/>
    <property name="user.language" value="fr"/>
    <property name="java.specification.vendor" value="Oracle Corporation"/>
    <property name="awt.toolkit" value="sun.awt.windows.WToolkit"/>
    <property name="java.vm.info" value="mixed mode"/>
    <property name="java.version" value="11.0.5"/>
    <property name="java.vendor" value="Oracle Corporation"/>
    <property name="maven.home" value="D:\Users\Hattmann.Belleus\Documents\Projects\partition\EMBEDDED"/>
    <property name="file.separator" value="\"/>
    <property name="java.version.date" value="2019-10-15"/>
    <property name="java.vendor.url.bug" value="http://bugreport.java.com/bugreport/"/>
    <property name="sun.io.unicode.encoding" value="UnicodeLittle"/>
    <property name="sun.cpu.endian" value="little"/>
    <property name="java.vendor.version" value="18.9"/>
    <property name="sun.desktop" value="windows"/>
    <property name="sun.cpu.isalist" value="amd64"/>
  </properties>
  <testcase classname="net.adneom.hr.partition.PartitionServiceTest" name="partitionTest_emptyInputList" time="0.003"/>
  <testcase classname="net.adneom.hr.partition.PartitionServiceTest" name="partitionTest_nullSubListSize" time="0"/>
  <testcase classname="net.adneom.hr.partition.PartitionServiceTest" name="partitionTest_case1" time="0.018"/>
  <testcase classname="net.adneom.hr.partition.PartitionServiceTest" name="partitionTest_case2" time="0"/>
  <testcase classname="net.adneom.hr.partition.PartitionServiceTest" name="partitionTest_case3" time="0.001"/>
  <testcase classname="net.adneom.hr.partition.PartitionServiceTest" name="partitionTest_subListSizeEqualsToZero" time="0.001"/>
</testsuite>